<?xml version="1.0" encoding="UTF-8"?>
<!-- Generated by org.testng.reporters.JUnitReportReporter -->
<testsuite skipped="0" hostname="LAPTOP-CMPLGDPF" name="com.tatoc.qa.testcases.TatocTestCases" tests="7" failures="0" timestamp="2021-02-23T21:08:13 IST" time="8.070" errors="0">
  <testcase name="welcomePageTitleTest" time="1.251" classname="com.tatoc.qa.testcases.TatocTestCases"/>
  <system-out/>
  <testcase name="clickOnRedBox" time="0.362" classname="com.tatoc.qa.testcases.TatocTestCases"/>
  <system-out/>
  <testcase name="clickOnGreenBox" time="0.690" classname="com.tatoc.qa.testcases.TatocTestCases"/>
  <system-out/>
  <testcase name="checkReprintAndProceedLink" time="2.922" classname="com.tatoc.qa.testcases.TatocTestCases"/>
  <system-out/>
  <testcase name="dragAroungProceedLink" time="0.663" classname="com.tatoc.qa.testcases.TatocTestCases"/>
  <system-out/>
  <testcase name="launchPopUpWindow" time="1.327" classname="com.tatoc.qa.testcases.TatocTestCases"/>
  <system-out/>
  <testcase name="generateCookieToken" time="0.855" classname="com.tatoc.qa.testcases.TatocTestCases"/>
  <system-out/>
</testsuite> <!-- com.tatoc.qa.testcases.TatocTestCases -->
