<?xml version="1.0" encoding="UTF-8"?>
<!-- Generated by org.testng.reporters.JUnitReportReporter -->
<testsuite skipped="0" hostname="LAPTOP-CMPLGDPF" name="com.tatoc.qa.testcases.AllTest" tests="7" failures="0" timestamp="2020-11-27T20:08:59 IST" time="10.099" errors="0">
  <testcase name="welcomePageTitleTest" time="0.663" classname="com.tatoc.qa.testcases.AllTest"/>
  <system-out/>
  <testcase name="clickOnRedBox" time="0.355" classname="com.tatoc.qa.testcases.AllTest"/>
  <system-out/>
  <testcase name="clickOnGreenBox" time="0.828" classname="com.tatoc.qa.testcases.AllTest"/>
  <system-out/>
  <testcase name="checkReprintAndProceedLink" time="3.819" classname="com.tatoc.qa.testcases.AllTest"/>
  <system-out/>
  <testcase name="dragAroungProceedLink" time="0.614" classname="com.tatoc.qa.testcases.AllTest"/>
  <system-out/>
  <testcase name="launchPopUpWindow" time="2.999" classname="com.tatoc.qa.testcases.AllTest"/>
  <system-out/>
  <testcase name="generateCookieToken" time="0.821" classname="com.tatoc.qa.testcases.AllTest"/>
  <system-out/>
</testsuite> <!-- com.tatoc.qa.testcases.AllTest -->
